C51 COMPILER V9.54   ADC_DRIVER_LDR                                                        01/12/2020 23:51:11 PAGE 1   


C51 COMPILER V9.54, COMPILATION OF MODULE ADC_DRIVER_LDR
OBJECT MODULE PLACED IN .\Objects\adc_driver_LDR.obj
COMPILER INVOKED BY: C:\Keil_v5\C51\BIN\C51.EXE adc_driver_LDR.c OPTIMIZE(8,SPEED) BROWSE DEBUG OBJECTEXTEND PRINT(.\Lis
                    -tings\adc_driver_LDR.lst) TABS(2) OBJECT(.\Objects\adc_driver_LDR.obj)

line level    source

   1          #include <reg51.h>
   2          #include "header.h"
   3          
   4          sbit CLK=P1^0;
   5          sbit DOUT=P1^1;
   6          sbit DIN=P1^2;
   7          sbit CS=P1^3;
   8          
   9          u16 adc_read_LDR()
  10          {
  11   1        u16 TEMP=0x0;
  12   1        s8 i;
  13   1        
  14   1      CS=0;
  15   1      
  16   1        CLK=0;    DIN=1;    CLK=1;
  17   1        CLK=0;    DIN=1;    CLK=1;
  18   1        CLK=0;    DIN=1;    CLK=1;
  19   1        CLK=0;    DIN=1;    CLK=1; //Channel 2
  20   1        CLK=0;    DIN=0;    CLK=1; //Channel 2
  21   1        CLK=0;    DIN=1;    CLK=1;
  22   1        CLK=0;    DIN=1;    CLK=1;
  23   1        
  24   1        for(i=11;i>=0;i--)
  25   1        {
  26   2          CLK=0;
  27   2          
  28   2          if(DOUT==1)
  29   2          TEMP|=(1<<i);
  30   2        
  31   2          CLK=1;
  32   2        }
  33   1        
  34   1      CS=1;
  35   1      
  36   1      return TEMP;  
  37   1        
  38   1      }


MODULE INFORMATION:   STATIC OVERLAYABLE
   CODE SIZE        =     93    ----
   CONSTANT SIZE    =   ----    ----
   XDATA SIZE       =   ----    ----
   PDATA SIZE       =   ----    ----
   DATA SIZE        =   ----    ----
   IDATA SIZE       =   ----    ----
   BIT SIZE         =   ----    ----
END OF MODULE INFORMATION.


C51 COMPILATION COMPLETE.  0 WARNING(S),  0 ERROR(S)
