C51 COMPILER V9.54   IO_DRIVER                                                             01/08/2020 23:28:00 PAGE 1   


C51 COMPILER V9.54, COMPILATION OF MODULE IO_DRIVER
OBJECT MODULE PLACED IN .\Objects\io_driver.obj
COMPILER INVOKED BY: C:\Keil_v5\C51\BIN\C51.EXE io_driver.c OPTIMIZE(8,SPEED) BROWSE DEBUG OBJECTEXTEND PRINT(.\Listings
                    -\io_driver.lst) TABS(2) OBJECT(.\Objects\io_driver.obj)

line level    source

   1          #include <reg51.h>
   2          #include "header.h"
   3          
   4          
   5          
   6          /*-------------------- IO_WRITE WRITE VALU ON PORT -------------------*/
   7          void io_write(u8 port,u8 pin,u8 val)
   8          {
   9   1        
  10   1          switch(port)
  11   1          {
  12   2            
  13   2            case PORT0: if(val==1)
  14   2                        P0|=(1<<pin);
  15   2                        else
  16   2                        P0&=~(1<<pin);
  17   2                        break;
  18   2                        
  19   2            case PORT1: if(val==1)
  20   2                        P1|=(1<<pin);
  21   2                        else
  22   2                        P1&=~(1<<pin);
  23   2                        break;
  24   2                        
  25   2            case PORT2: if(val==1)
  26   2                        P2|=(1<<pin);
  27   2                        else
  28   2                        P2&=~(1<<pin);
  29   2                        break;
  30   2                        
  31   2            case PORT3: if(val==1)
  32   2                        P3|=(1<<pin);
  33   2                        else
  34   2                        P3&=~(1<<pin);          
  35   2                        break;
  36   2                        
  37   2          }
  38   1      
  39   1      }
  40          
  41          
  42          
  43          /*-------------------- IO_READ READ VALU ON PORT -------------------*/
  44          u8 io_read(u8 port,u8 pin)
  45          {
  46   1      u8 STATUS;
  47   1        
  48   1          switch(port)
  49   1          {
  50   2            case PORT0: STATUS= P0&(1<<pin)?1:0;
  51   2                        break;
  52   2          
  53   2            case PORT1: STATUS= P1&(1<<pin)?1:0;
  54   2                        break;
C51 COMPILER V9.54   IO_DRIVER                                                             01/08/2020 23:28:00 PAGE 2   

  55   2            
  56   2            case PORT2: STATUS= P2&(1<<pin)?1:0;
  57   2                        break;
  58   2            
  59   2            case PORT3: STATUS= P3&(1<<pin)?1:0;
  60   2                        break;
  61   2          }
  62   1      
  63   1      return STATUS;
  64   1      
  65   1      
  66   1      }


MODULE INFORMATION:   STATIC OVERLAYABLE
   CODE SIZE        =    301    ----
   CONSTANT SIZE    =   ----    ----
   XDATA SIZE       =   ----    ----
   PDATA SIZE       =   ----    ----
   DATA SIZE        =   ----    ----
   IDATA SIZE       =   ----    ----
   BIT SIZE         =   ----    ----
END OF MODULE INFORMATION.


C51 COMPILATION COMPLETE.  0 WARNING(S),  0 ERROR(S)
