C51 COMPILER V9.54   LCD_DRIVER                                                            01/12/2020 23:51:10 PAGE 1   


C51 COMPILER V9.54, COMPILATION OF MODULE LCD_DRIVER
OBJECT MODULE PLACED IN .\Objects\lcd_driver.obj
COMPILER INVOKED BY: C:\Keil_v5\C51\BIN\C51.EXE lcd_driver.c OPTIMIZE(8,SPEED) BROWSE DEBUG OBJECTEXTEND PRINT(.\Listing
                    -s\lcd_driver.lst) TABS(2) OBJECT(.\Objects\lcd_driver.obj)

line level    source

   1          #include <reg51.h>
   2          #include "header.h"
   3          
   4          sbit RS=P3^4;
   5          sbit RW=P3^5;
   6          sbit EN=P3^6;
   7          
   8          
   9          /*-------------------- WRITE COMMAND ON LCD -------------------*/
  10          void lcd_cmd(u8 CMD)
  11          {
  12   1      
  13   1      P0=CMD;
  14   1        RS=0;
  15   1        RW=0;
  16   1        EN=1;
  17   1          delay_ms(5);
  18   1        EN=0;
  19   1      
  20   1      }
  21          
  22          
  23          /*-------------------- INITIALIZE LCD -------------------*/
  24          void lcd_init()
  25          {
  26   1        
  27   1        lcd_cmd(0x2);
  28   1        lcd_cmd(0x38);
  29   1        lcd_cmd(0xE);
  30   1        lcd_cmd(0x6);
  31   1        lcd_cmd(0x1);
  32   1      
  33   1      }
  34          
  35          
  36          
  37          /*-------------------- WRITE DATA ON LCD -------------------*/
  38          void lcd_data(u8 CH)
  39          {
  40   1      
  41   1      P0=CH;
  42   1        RS=1;
  43   1        RW=0;
  44   1        EN=1;
  45   1          delay_ms(5);
  46   1        EN=0;
  47   1        
  48   1      }
  49          
  50          /******************** write string on LCD ********************/
  51          void lcd_string(char *STRING)
  52          {
  53   1        while(*STRING)
  54   1        {
C51 COMPILER V9.54   LCD_DRIVER                                                            01/12/2020 23:51:10 PAGE 2   

  55   2            lcd_data(*STRING);
  56   2            STRING++;
  57   2        }
  58   1      
  59   1      }
  60          
  61          
  62          /******************* integer print on LCD *******************/
  63          void lcd_integer(s16 NUM)
  64          {
  65   1        s16 SUM=0,COUNT=0;
  66   1        s8 BUF[10],i;
  67   1        
  68   1      if(NUM<0)
  69   1      {
  70   2        lcd_data('-');
  71   2        NUM=-NUM;
  72   2      }
  73   1      
  74   1      if(NUM==0)
  75   1      {
  76   2        lcd_data('0');
  77   2        return;
  78   2      }
  79   1          
  80   1          while(NUM)
  81   1          {
  82   2            COUNT++;
  83   2            SUM=SUM*10+NUM%10;
  84   2            NUM=NUM/10;
  85   2          }
  86   1          
  87   1        for(i=0;COUNT;SUM=SUM/10,i++)
  88   1        {
  89   2          
  90   2          BUF[i]=(SUM%10)+48; 
  91   2          COUNT=COUNT-1;
  92   2        }
  93   1        
  94   1      BUF[i]='\0';
  95   1      
  96   1      lcd_string(BUF);
  97   1        
  98   1      }
  99          
 100          
 101          /********************* float valu printf on LCD *********************/
 102          //void lcd_float(float FLOAT)
 103          //{
 104          //  
 105          //  s16 INT=FLOAT;
 106          //  
 107          //  lcd_integer(INT);
 108          //  lcd_data('.');
 109          //  INT=((FLOAT-INT)*100);
 110          //  
 111          //  if(INT<0)
 112          //  lcd_integer(-INT);
 113          //  else
 114          //  lcd_integer(INT);
 115          //}
 116          
C51 COMPILER V9.54   LCD_DRIVER                                                            01/12/2020 23:51:10 PAGE 3   



MODULE INFORMATION:   STATIC OVERLAYABLE
   CODE SIZE        =    276    ----
   CONSTANT SIZE    =   ----    ----
   XDATA SIZE       =   ----    ----
   PDATA SIZE       =   ----    ----
   DATA SIZE        =   ----      19
   IDATA SIZE       =   ----    ----
   BIT SIZE         =   ----    ----
END OF MODULE INFORMATION.


C51 COMPILATION COMPLETE.  0 WARNING(S),  0 ERROR(S)
