C51 COMPILER V9.54   MAIN                                                                  01/12/2020 23:51:11 PAGE 1   


C51 COMPILER V9.54, COMPILATION OF MODULE MAIN
OBJECT MODULE PLACED IN .\Objects\main.obj
COMPILER INVOKED BY: C:\Keil_v5\C51\BIN\C51.EXE main.c OPTIMIZE(8,SPEED) BROWSE DEBUG OBJECTEXTEND PRINT(.\Listings\main
                    -.lst) TABS(2) OBJECT(.\Objects\main.obj)

line level    source

   1          #include "header.h"
   2          s8 pwm;
   3          
   4          void main()
   5          {
   6   1      
   7   1        
   8   1        lcd_init();
   9   1        en_timer0_interrupt();
  10   1      
  11   1        while(1)
  12   1        {
  13   2      //    lcd_cmd(0x1);
  14   2      //    temp=adc_read_LDR();
  15   2      //    lcd_integer(temp);
  16   2      //    pwm=temp*0.062;
  17   2      //    
  18   2      //    delay_ms(500);
  19   2          
  20   2          get_range();
  21   2          
  22   2        } 
  23   1        
  24   1        
  25   1        
  26   1      }


MODULE INFORMATION:   STATIC OVERLAYABLE
   CODE SIZE        =     11    ----
   CONSTANT SIZE    =   ----    ----
   XDATA SIZE       =   ----    ----
   PDATA SIZE       =   ----    ----
   DATA SIZE        =      1    ----
   IDATA SIZE       =   ----    ----
   BIT SIZE         =   ----    ----
END OF MODULE INFORMATION.


C51 COMPILATION COMPLETE.  0 WARNING(S),  0 ERROR(S)
