C51 COMPILER V9.54   PWM                                                                   01/06/2020 22:26:25 PAGE 1   


C51 COMPILER V9.54, COMPILATION OF MODULE PWM
OBJECT MODULE PLACED IN .\Objects\pwm.obj
COMPILER INVOKED BY: C:\Keil_v5\C51\BIN\C51.EXE pwm.c OPTIMIZE(8,SPEED) BROWSE DEBUG OBJECTEXTEND PRINT(.\Listings\pwm.l
                    -st) TABS(2) OBJECT(.\Objects\pwm.obj)

line level    source

   1          #include <reg51.h>
   2          #include "header.h"
   3          
   4          #define PWM 0
   5          u8 pwidth;
   6          bit flag=0;
   7          
   8          
   9          
  10          /*-------------------- TIMER0 ISR -------------------*/
  11          void TIMER0_Handlere(void) interrupt 1
  12          {
  13   1        if(flag==0)
  14   1        {
  15   2          flag=1;
  16   2          io_write(PORT2,PWM,SET);
  17   2          TH0=pwidth;
  18   2          TF0=0;
  19   2        }
  20   1        else
  21   1        {
  22   2          flag=0;
  23   2          io_write(PORT2,PWM,CLEAR);
  24   2          TH0=255-pwidth;
  25   2          TF0=0;
  26   2        }
  27   1      
  28   1      
  29   1      }
  30          
  31          
  32          
  33          /*-------------------- ENABLE TIMER0 INTERRUPT -------------------*/
  34          void en_timer0_interrupt()
  35          {
  36   1      
  37   1        TMOD|=0x0;
  38   1        pwidth=160;
  39   1        EA=ET0=1;
  40   1        TR0=1;
  41   1      
  42   1      }


MODULE INFORMATION:   STATIC OVERLAYABLE
   CODE SIZE        =    106    ----
   CONSTANT SIZE    =   ----    ----
   XDATA SIZE       =   ----    ----
   PDATA SIZE       =   ----    ----
   DATA SIZE        =      1    ----
   IDATA SIZE       =   ----    ----
   BIT SIZE         =      1    ----
END OF MODULE INFORMATION.


C51 COMPILATION COMPLETE.  0 WARNING(S),  0 ERROR(S)
