C51 COMPILER V9.54   PWM_DRIVER                                                            01/12/2020 23:51:11 PAGE 1   


C51 COMPILER V9.54, COMPILATION OF MODULE PWM_DRIVER
OBJECT MODULE PLACED IN .\Objects\pwm_driver.obj
COMPILER INVOKED BY: C:\Keil_v5\C51\BIN\C51.EXE pwm_driver.c OPTIMIZE(8,SPEED) BROWSE DEBUG OBJECTEXTEND PRINT(.\Listing
                    -s\pwm_driver.lst) TABS(2) OBJECT(.\Objects\pwm_driver.obj)

line level    source

   1          
   2          #include <reg51.h>
   3          #include "header.h"
   4          
   5          extern s8 pwm;
   6          sbit led1=P2^0;
   7          u32 temp2;
   8          
   9          void Timer0_Handler(void) interrupt 1
  10          {
  11   1      TR0=0;
  12   1        if(led1==1)
  13   1        {
  14   2          led1=0;
  15   2          temp2=255-pwm;
  16   2          TH0=0xFF-(temp2>>8)&0xFF;
  17   2          TL0=0xFF-temp2&0xFF;
  18   2        }
  19   1        else
  20   1        {
  21   2          led1=1;
  22   2          temp2=pwm;
  23   2          TH0=0xFF-(temp2>>8)&0xFF;
  24   2          TL0=0xFF-temp2&0xFF;
  25   2        }
  26   1      
  27   1      TR0=0;
  28   1      TR0=1;
  29   1        
  30   1      }
  31          
  32          
  33          void en_timer0_interrupt()
  34          {
  35   1        pwm=0;
  36   1        
  37   1        TMOD|=0x1;
  38   1        TH0=0;
  39   1        TL0=0;
  40   1        ET0=EA=1;
  41   1        TR0=1;
  42   1      }
  43          
  44          
  45          


MODULE INFORMATION:   STATIC OVERLAYABLE
   CODE SIZE        =    132    ----
   CONSTANT SIZE    =   ----    ----
   XDATA SIZE       =   ----    ----
   PDATA SIZE       =   ----    ----
   DATA SIZE        =      4    ----
   IDATA SIZE       =   ----    ----
C51 COMPILER V9.54   PWM_DRIVER                                                            01/12/2020 23:51:11 PAGE 2   

   BIT SIZE         =   ----    ----
END OF MODULE INFORMATION.


C51 COMPILATION COMPLETE.  0 WARNING(S),  0 ERROR(S)
