C51 COMPILER V9.54   UART_DRIVER                                                           01/06/2020 22:32:23 PAGE 1   


C51 COMPILER V9.54, COMPILATION OF MODULE UART_DRIVER
OBJECT MODULE PLACED IN .\Objects\uart_driver.obj
COMPILER INVOKED BY: C:\Keil_v5\C51\BIN\C51.EXE uart_driver.c OPTIMIZE(8,SPEED) BROWSE DEBUG OBJECTEXTEND PRINT(.\Listin
                    -gs\uart_driver.lst) TABS(2) OBJECT(.\Objects\uart_driver.obj)

line level    source

   1          #include <reg51.h>
   2          #include "header.h"
   3          
   4          
   5          
   6          /*-------------------- UART INITIALIZE -------------------*/
   7          void uart_init(u16 BAUD)
   8          {
   9   1        
  10   1          TMOD|=0x20;
  11   1          SCON|=0x50;
  12   1          switch(BAUD)
  13   1          {
  14   2            case 4800:  TH1=250;
  15   2                        break;
  16   2            case 7200:  TH1=252;
  17   2                        break;
  18   2            case 9600:  TH1=253;
  19   2                        break;
  20   2            case 14400: TH1=254;
  21   2                        break;
  22   2            case 28800:   TH1=255;
  23   2                        break;  
  24   2            case 57600: TH1=255;PCON=0x80;
  25   2                        break;
  26   2          }
  27   1      
  28   1          TR1=1;
  29   1      
  30   1      }
  31          
  32          
  33          
  34          /*-------------------- UART TRANSMIT 1 Bit by Bit -------------------*/
  35          void uart_tx(u8 CH)
  36          {
  37   1        
  38   1        SBUF=CH;
  39   1        while(TI==0);
  40   1        TI=0;
  41   1        
  42   1      }
  43          
  44          
  45          
  46          /*-------------------- UART RECIVED 1 Bit by Bit -------------------*/
  47          u8 uart_rx()
  48          {
  49   1        
  50   1        while(RI==0);
  51   1        RI=0;
  52   1        
  53   1      return SBUF;  
  54   1      
C51 COMPILER V9.54   UART_DRIVER                                                           01/06/2020 22:32:23 PAGE 2   

  55   1      }
  56          
  57          
  58          
  59          
  60          


MODULE INFORMATION:   STATIC OVERLAYABLE
   CODE SIZE        =     90    ----
   CONSTANT SIZE    =   ----    ----
   XDATA SIZE       =   ----    ----
   PDATA SIZE       =   ----    ----
   DATA SIZE        =   ----    ----
   IDATA SIZE       =   ----    ----
   BIT SIZE         =   ----    ----
END OF MODULE INFORMATION.


C51 COMPILATION COMPLETE.  0 WARNING(S),  0 ERROR(S)
